<?xml version="1.0" encoding="UTF-8"?>
<!-- Generated by org.testng.reporters.JUnitXMLReporter -->
<testsuite hostname="LAPTOP-FMGTI7FP" ignored="3" name="Test" tests="4" failures="2" timestamp="2023-06-30T15:11:53 IST" time="51.557" errors="0">
  <testcase name="A_clickonlogin" time="21.111" classname="TestClasses.LoginTest"/>
  <testcase name="open_Gallaries" time="1.877" classname="TestClasses.Gallary_page_Testclass"/>
  <testcase name="clickononhome" time="4.274" classname="TestClasses.HomePageTestCases">
    <failure type="org.openqa.selenium.ElementClickInterceptedException" message="element click intercepted: Element is not clickable at point (1128, 780)
  (Session info: chrome=114.0.5735.199)
Build info: version: &amp;apos;4.9.1&amp;apos;, revision: &amp;apos;eb2032df7f&amp;apos;
System info: os.name: &amp;apos;Windows 10&amp;apos;, os.arch: &amp;apos;amd64&amp;apos;, os.version: &amp;apos;10.0&amp;apos;, java.version: &amp;apos;1.8.0_181&amp;apos;
Driver info: org.openqa.selenium.chrome.ChromeDriver
Command: [47285cf4c70decaff4568aade66e76ff, clickElement {id=FC96B60D48795718D09674CFBB12828D_element_106}]
Capabilities {acceptInsecureCerts: false, browserName: chrome, browserVersion: 114.0.5735.199, chrome: {chromedriverVersion: 114.0.5735.90 (386bc09e8f4f..., userDataDir: C:\Users\Baliram\AppData\Lo...}, goog:chromeOptions: {debuggerAddress: localhost:58405}, networkConnectionEnabled: false, pageLoadStrategy: normal, platformName: windows, proxy: Proxy(), se:cdp: ws://localhost:58405/devtoo..., se:cdpVersion: 114.0.5735.199, setWindowRect: true, strictFileInteractability: false, timeouts: {implicit: 0, pageLoad: 300000, script: 30000}, unhandledPromptBehavior: dismiss and notify, webauthn:extension:credBlob: true, webauthn:extension:largeBlob: true, webauthn:extension:minPinLength: true, webauthn:extension:prf: true, webauthn:virtualAuthenticators: true}
Element: [[ChromeDriver: chrome on windows (47285cf4c70decaff4568aade66e76ff)] -&amp;gt; xpath: (//button[@type=&amp;apos;button&amp;apos;]//a)[9]]
Session ID: 47285cf4c70decaff4568aade66e76ff">
      <![CDATA[org.openqa.selenium.ElementClickInterceptedException: element click intercepted: Element is not clickable at point (1128, 780)
  (Session info: chrome=114.0.5735.199)
Build info: version: '4.9.1', revision: 'eb2032df7f'
System info: os.name: 'Windows 10', os.arch: 'amd64', os.version: '10.0', java.version: '1.8.0_181'
Driver info: org.openqa.selenium.chrome.ChromeDriver
Command: [47285cf4c70decaff4568aade66e76ff, clickElement {id=FC96B60D48795718D09674CFBB12828D_element_106}]
Capabilities {acceptInsecureCerts: false, browserName: chrome, browserVersion: 114.0.5735.199, chrome: {chromedriverVersion: 114.0.5735.90 (386bc09e8f4f..., userDataDir: C:\Users\Baliram\AppData\Lo...}, goog:chromeOptions: {debuggerAddress: localhost:58405}, networkConnectionEnabled: false, pageLoadStrategy: normal, platformName: windows, proxy: Proxy(), se:cdp: ws://localhost:58405/devtoo..., se:cdpVersion: 114.0.5735.199, setWindowRect: true, strictFileInteractability: false, timeouts: {implicit: 0, pageLoad: 300000, script: 30000}, unhandledPromptBehavior: dismiss and notify, webauthn:extension:credBlob: true, webauthn:extension:largeBlob: true, webauthn:extension:minPinLength: true, webauthn:extension:prf: true, webauthn:virtualAuthenticators: true}
Element: [[ChromeDriver: chrome on windows (47285cf4c70decaff4568aade66e76ff)] -> xpath: (//button[@type='button']//a)[9]]
Session ID: 47285cf4c70decaff4568aade66e76ff
at org.openqa.selenium.remote.codec.w3c.W3CHttpResponseCodec.createException(W3CHttpResponseCodec.java:200)
at org.openqa.selenium.remote.codec.w3c.W3CHttpResponseCodec.decode(W3CHttpResponseCodec.java:133)
at org.openqa.selenium.remote.codec.w3c.W3CHttpResponseCodec.decode(W3CHttpResponseCodec.java:53)
at org.openqa.selenium.remote.HttpCommandExecutor.execute(HttpCommandExecutor.java:193)
at org.openqa.selenium.remote.service.DriverCommandExecutor.invokeExecute(DriverCommandExecutor.java:183)
at org.openqa.selenium.remote.service.DriverCommandExecutor.execute(DriverCommandExecutor.java:158)
at org.openqa.selenium.remote.RemoteWebDriver.execute(RemoteWebDriver.java:543)
at org.openqa.selenium.remote.RemoteWebElement.execute(RemoteWebElement.java:257)
at org.openqa.selenium.remote.RemoteWebElement.click(RemoteWebElement.java:78)
at org.openqa.selenium.support.pagefactory.internal.LocatingElementHandler.invoke(LocatingElementHandler.java:52)
at com.sun.proxy.$Proxy16.click(Unknown Source)
at com.POM.HomePage_POM.Click_on_VIP_Photosvsmore(HomePage_POM.java:36)
at TestClasses.HomePageTestCases.clickononhome(HomePageTestCases.java:40)
at java.util.ArrayList.forEach(ArrayList.java:1257)
... Removed 35 stack frames]]>
    </failure>
  </testcase> <!-- clickononhome -->
  <testcase name="A_DonatePage" time="7.689" classname="TestClasses.Donatepage_TestCases">
    <failure type="org.openqa.selenium.ElementClickInterceptedException" message="element click intercepted: Element &amp;lt;button style=&amp;quot;background-color: rgb(248, 250, 252); border-radius: 5px; align-items: center; width: 110px; margin-top: 14%;&amp;quot;&amp;gt;...&amp;lt;/button&amp;gt; is not clickable at point (694, 9). Other element would receive the click: &amp;lt;div class=&amp;quot;MuiButtonBase-root MuiListItemButton-root MuiListItemButton-gutters MuiListItemButton-root MuiListItemButton-gutters css-5q1vlc&amp;quot; tabindex=&amp;quot;0&amp;quot; role=&amp;quot;button&amp;quot; textcolor=&amp;quot;primary&amp;quot; value=&amp;quot;3&amp;quot;&amp;gt;...&amp;lt;/div&amp;gt;
  (Session info: chrome=114.0.5735.199)
Build info: version: &amp;apos;4.9.1&amp;apos;, revision: &amp;apos;eb2032df7f&amp;apos;
System info: os.name: &amp;apos;Windows 10&amp;apos;, os.arch: &amp;apos;amd64&amp;apos;, os.version: &amp;apos;10.0&amp;apos;, java.version: &amp;apos;1.8.0_181&amp;apos;
Driver info: org.openqa.selenium.chrome.ChromeDriver
Command: [17743ae5927a642813befa6cac35dd8e, clickElement {id=2F60D82F9EF871B43447227C29E21F09_element_84}]
Capabilities {acceptInsecureCerts: false, browserName: chrome, browserVersion: 114.0.5735.199, chrome: {chromedriverVersion: 114.0.5735.90 (386bc09e8f4f..., userDataDir: C:\Users\Baliram\AppData\Lo...}, goog:chromeOptions: {debuggerAddress: localhost:58466}, networkConnectionEnabled: false, pageLoadStrategy: normal, platformName: windows, proxy: Proxy(), se:cdp: ws://localhost:58466/devtoo..., se:cdpVersion: 114.0.5735.199, setWindowRect: true, strictFileInteractability: false, timeouts: {implicit: 0, pageLoad: 300000, script: 30000}, unhandledPromptBehavior: dismiss and notify, webauthn:extension:credBlob: true, webauthn:extension:largeBlob: true, webauthn:extension:minPinLength: true, webauthn:extension:prf: true, webauthn:virtualAuthenticators: true}
Element: [[ChromeDriver: chrome on windows (17743ae5927a642813befa6cac35dd8e)] -&amp;gt; xpath: (//div[@class=&amp;apos;MuiGrid-root MuiGrid-container MuiGrid-spacing-xs-2 css-isbt42&amp;apos;]//button)[1]]
Session ID: 17743ae5927a642813befa6cac35dd8e">
      <![CDATA[org.openqa.selenium.ElementClickInterceptedException: element click intercepted: Element <button style="background-color: rgb(248, 250, 252); border-radius: 5px; align-items: center; width: 110px; margin-top: 14%;">...</button> is not clickable at point (694, 9). Other element would receive the click: <div class="MuiButtonBase-root MuiListItemButton-root MuiListItemButton-gutters MuiListItemButton-root MuiListItemButton-gutters css-5q1vlc" tabindex="0" role="button" textcolor="primary" value="3">...</div>
  (Session info: chrome=114.0.5735.199)
Build info: version: '4.9.1', revision: 'eb2032df7f'
System info: os.name: 'Windows 10', os.arch: 'amd64', os.version: '10.0', java.version: '1.8.0_181'
Driver info: org.openqa.selenium.chrome.ChromeDriver
Command: [17743ae5927a642813befa6cac35dd8e, clickElement {id=2F60D82F9EF871B43447227C29E21F09_element_84}]
Capabilities {acceptInsecureCerts: false, browserName: chrome, browserVersion: 114.0.5735.199, chrome: {chromedriverVersion: 114.0.5735.90 (386bc09e8f4f..., userDataDir: C:\Users\Baliram\AppData\Lo...}, goog:chromeOptions: {debuggerAddress: localhost:58466}, networkConnectionEnabled: false, pageLoadStrategy: normal, platformName: windows, proxy: Proxy(), se:cdp: ws://localhost:58466/devtoo..., se:cdpVersion: 114.0.5735.199, setWindowRect: true, strictFileInteractability: false, timeouts: {implicit: 0, pageLoad: 300000, script: 30000}, unhandledPromptBehavior: dismiss and notify, webauthn:extension:credBlob: true, webauthn:extension:largeBlob: true, webauthn:extension:minPinLength: true, webauthn:extension:prf: true, webauthn:virtualAuthenticators: true}
Element: [[ChromeDriver: chrome on windows (17743ae5927a642813befa6cac35dd8e)] -> xpath: (//div[@class='MuiGrid-root MuiGrid-container MuiGrid-spacing-xs-2 css-isbt42']//button)[1]]
Session ID: 17743ae5927a642813befa6cac35dd8e
at org.openqa.selenium.remote.codec.w3c.W3CHttpResponseCodec.createException(W3CHttpResponseCodec.java:200)
at org.openqa.selenium.remote.codec.w3c.W3CHttpResponseCodec.decode(W3CHttpResponseCodec.java:133)
at org.openqa.selenium.remote.codec.w3c.W3CHttpResponseCodec.decode(W3CHttpResponseCodec.java:53)
at org.openqa.selenium.remote.HttpCommandExecutor.execute(HttpCommandExecutor.java:193)
at org.openqa.selenium.remote.service.DriverCommandExecutor.invokeExecute(DriverCommandExecutor.java:183)
at org.openqa.selenium.remote.service.DriverCommandExecutor.execute(DriverCommandExecutor.java:158)
at org.openqa.selenium.remote.RemoteWebDriver.execute(RemoteWebDriver.java:543)
at org.openqa.selenium.remote.RemoteWebElement.execute(RemoteWebElement.java:257)
at org.openqa.selenium.remote.RemoteWebElement.click(RemoteWebElement.java:78)
at org.openqa.selenium.support.pagefactory.internal.LocatingElementHandler.invoke(LocatingElementHandler.java:52)
at com.sun.proxy.$Proxy16.click(Unknown Source)
at com.POM.DonatePage_POM.click_on_ammount(DonatePage_POM.java:69)
at TestClasses.Donatepage_TestCases.A_DonatePage(Donatepage_TestCases.java:59)
at java.util.ArrayList.forEach(ArrayList.java:1257)
... Removed 34 stack frames]]>
    </failure>
  </testcase> <!-- A_DonatePage -->
  <testcase name="@BeforeSuite Startsetup" time="0.0" classname="com.Utility.BaseClass">
    <ignored/>
  </testcase> <!-- @BeforeSuite Startsetup -->
  <testcase name="@BeforeSuite Startsetup" time="0.0" classname="com.Utility.BaseClass">
    <ignored/>
  </testcase> <!-- @BeforeSuite Startsetup -->
  <testcase name="@BeforeSuite Startsetup" time="0.0" classname="com.Utility.BaseClass">
    <ignored/>
  </testcase> <!-- @BeforeSuite Startsetup -->
</testsuite> <!-- Test -->
